<?xml version="1.0" encoding="UTF-8"?>
<!-- Generated by org.testng.reporters.JUnitReportReporter -->
<testsuite skipped="2" hostname="Vrushali-PC" name="com.qtpselenium.zoho.project.testcases.LoginTest" tests="2" failures="0" timestamp="02 May 2018 16:38:42 GMT" time="0.685" errors="0">
  <testcase name="doLoginTest" time="0.076" classname="com.qtpselenium.zoho.project.testcases.LoginTest">
    <skipped/>
  </testcase> <!-- doLoginTest -->
  <testcase name="doLoginTest" time="0.609" classname="com.qtpselenium.zoho.project.testcases.LoginTest">
    <skipped/>
  </testcase> <!-- doLoginTest -->
</testsuite> <!-- com.qtpselenium.zoho.project.testcases.LoginTest -->
